cd /ipes-model && tlc -workers 6 -dfid 6 ipes.tla > result-dfid6.log 2>&1

TLC2 Version 2.15 of Day Month 20?? (rev: eb3ff99)
Running depth-first search Model-Checking with fp 71 and seed 5743057323310007195 with 6 workers on 6 cores with 3545MB heap and 64MB offheap memory [pid: 6] (Linux 5.4.38-gentoo amd64, Oracle Corporation 11.0.7 x86_64).
Parsing file /ipes-model/ipes.tla
Parsing file /ipes-model/init.tla
Parsing file /ipes-model/types.tla
Parsing file /ipes-model/select.tla
Parsing file /ipes-model/sorm.tla
Parsing file /tmp/TLC.tla
Parsing file /tmp/Integers.tla
Parsing file /tmp/Naturals.tla
Parsing file /tmp/FiniteSets.tla
Parsing file /tmp/Sequences.tla
Semantic processing of module Naturals
Semantic processing of module Sequences
Semantic processing of module FiniteSets
Semantic processing of module TLC
Semantic processing of module Integers
Semantic processing of module types
Semantic processing of module init
Semantic processing of module select
Semantic processing of module sorm
Semantic processing of module ipes
Starting... (2020-08-31 08:18:47)
Implied-temporal checking--satisfiability problem has 2 branches.
Finished computing initial states: 1 states generated, with 1 of them distinct.
Starting level 2: 1 states generated, 1 distinct states found.
Starting level 3: 139 states generated, 24 distinct states found.
Starting level 4: 1928 states generated, 793 distinct states found.
Progress: 7101 states generated, 5184 distinct states found.
Starting level 5: 40964 states generated, 35192 distinct states found.
Progress: 46805 states generated, 40377 distinct states found.
Progress: 154771 states generated, 144487 distinct states found.
Progress: 257499 states generated, 245427 distinct states found.
Progress: 362262 states generated, 347553 distinct states found.
Progress: 465639 states generated, 449206 distinct states found.
Progress: 570973 states generated, 550640 distinct states found.
Progress: 675517 states generated, 652131 distinct states found.
Progress: 779143 states generated, 754000 distinct states found.
Progress: 883620 states generated, 855591 distinct states found.
Progress: 988566 states generated, 957527 distinct states found.
Progress: 1091861 states generated, 1058929 distinct states found.
Progress: 1196023 states generated, 1160721 distinct states found.
Progress: 1300794 states generated, 1262433 distinct states found.
Progress: 1406845 states generated, 1364022 distinct states found.
Progress: 1511009 states generated, 1465984 distinct states found.
Progress: 1615383 states generated, 1566621 distinct states found.
Progress: 1719004 states generated, 1668246 distinct states found.
Progress: 1823831 states generated, 1769906 distinct states found.
Progress: 1929908 states generated, 1871294 distinct states found.
Starting level 6: 2000611 states generated, 1936358 distinct states found.
Progress: 2006551 states generated, 1941440 distinct states found.
Progress: 2110128 states generated, 2043199 distinct states found.
Progress: 2213595 states generated, 2144761 distinct states found.
Progress: 2316378 states generated, 2245602 distinct states found.
Progress: 2419340 states generated, 2346953 distinct states found.
Progress: 2522529 states generated, 2448371 distinct states found.
Progress: 2626017 states generated, 2550098 distinct states found.
Progress: 2729352 states generated, 2651661 distinct states found.
Progress: 2833233 states generated, 2753862 distinct states found.
Progress: 2936524 states generated, 2855283 distinct states found.
Progress: 3040589 states generated, 2957262 distinct states found.
Checkpointing of run states/20-08-31-08-18-47
Checkpointing completed at (2020-08-31 08:48:52)
Progress: 3144284 states generated, 3058874 distinct states found.
Progress: 3247819 states generated, 3160498 distinct states found.
Progress: 3351153 states generated, 3262053 distinct states found.
Progress: 3455327 states generated, 3364295 distinct states found.
Progress: 3558926 states generated, 3466131 distinct states found.
Progress: 3662536 states generated, 3567905 distinct states found.
Progress: 3765504 states generated, 3669110 distinct states found.
Progress: 3868426 states generated, 3770256 distinct states found.
Progress: 3971865 states generated, 3871878 distinct states found.
Progress: 4074743 states generated, 3973267 distinct states found.
Progress: 4178204 states generated, 4074920 distinct states found.
Progress: 4281469 states generated, 4176481 distinct states found.
Progress: 4385273 states generated, 4278403 distinct states found.
Progress: 4489256 states generated, 4380640 distinct states found.
Progress: 4593209 states generated, 4482580 distinct states found.
Progress: 4696769 states generated, 4584276 distinct states found.
Progress: 4800286 states generated, 4686002 distinct states found.
Progress: 4904733 states generated, 4788351 distinct states found.
Progress: 5009372 states generated, 4890972 distinct states found.
Progress: 5114574 states generated, 4993759 distinct states found.
Progress: 5218901 states generated, 5096019 distinct states found.
Progress: 5323584 states generated, 5198481 distinct states found.
Progress: 5428068 states generated, 5300827 distinct states found.
Progress: 5532969 states generated, 5403471 distinct states found.
Progress: 5636594 states generated, 5505270 distinct states found.
Progress: 5740595 states generated, 5607163 distinct states found.
Progress: 5844425 states generated, 5709090 distinct states found.
Progress: 5949934 states generated, 5811051 distinct states found.
Progress: 6055154 states generated, 5913887 distinct states found.
Progress: 6158425 states generated, 6015449 distinct states found.
Checkpointing of run states/20-08-31-08-18-47
Checkpointing completed at (2020-08-31 09:18:53)
Progress: 6261936 states generated, 6117227 distinct states found.
Progress: 6365643 states generated, 6219231 distinct states found.
Progress: 6469417 states generated, 6321200 distinct states found.
Progress: 6573811 states generated, 6423639 distinct states found.
Progress: 6678167 states generated, 6525928 distinct states found.
Progress: 6781722 states generated, 6627707 distinct states found.
Progress: 6885700 states generated, 6729740 distinct states found.
Progress: 6989766 states generated, 6831596 distinct states found.
Progress: 7093435 states generated, 6933519 distinct states found.
Progress: 7197757 states generated, 7035883 distinct states found.
Progress: 7302234 states generated, 7138378 distinct states found.
Progress: 7406407 states generated, 7240738 distinct states found.
Progress: 7509582 states generated, 7342361 distinct states found.
Progress: 7613002 states generated, 7444019 distinct states found.
Progress: 7716563 states generated, 7545910 distinct states found.
Progress: 7821130 states generated, 7648176 distinct states found.
Progress: 7924442 states generated, 7749668 distinct states found.
Progress: 8027234 states generated, 7850697 distinct states found.
Progress: 8130228 states generated, 7951821 distinct states found.
Progress: 8233071 states generated, 8052998 distinct states found.
Progress: 8336422 states generated, 8154510 distinct states found.
Progress: 8439123 states generated, 8255602 distinct states found.
Progress: 8542156 states generated, 8356924 distinct states found.
Progress: 8645052 states generated, 8458123 distinct states found.
Progress: 8748090 states generated, 8559269 distinct states found.
Progress: 8850635 states generated, 8660175 distinct states found.
Progress: 8953269 states generated, 8761143 distinct states found.
Progress: 9056281 states generated, 8862329 distinct states found.
Progress: 9159107 states generated, 8963457 distinct states found.
Progress: 9262391 states generated, 9064895 distinct states found.
Checkpointing of run states/20-08-31-08-18-47
Checkpointing completed at (2020-08-31 09:48:53)
Progress: 9365474 states generated, 9166195 distinct states found.
Progress: 9468456 states generated, 9267430 distinct states found.
Progress: 9571372 states generated, 9368536 distinct states found.
Progress: 9673747 states generated, 9469383 distinct states found.
Progress: 9776585 states generated, 9570365 distinct states found.
Progress: 9879528 states generated, 9671565 distinct states found.
Progress: 9982471 states generated, 9772833 distinct states found.
Progress: 10085415 states generated, 9874134 distinct states found.
Progress: 10188603 states generated, 9975518 distinct states found.
Progress: 10293281 states generated, 10077418 distinct states found.
Progress: 10396111 states generated, 10178577 distinct states found.
Progress: 10499366 states generated, 10280040 distinct states found.
Progress: 10602207 states generated, 10380880 distinct states found.
Progress: 10704992 states generated, 10481737 distinct states found.
Progress: 10807304 states generated, 10582092 distinct states found.
Progress: 10911006 states generated, 10683163 distinct states found.
Progress: 11013919 states generated, 10784286 distinct states found.
Progress: 11116622 states generated, 10885312 distinct states found.
Progress: 11219489 states generated, 10986335 distinct states found.
Progress: 11322075 states generated, 11087235 distinct states found.
Progress: 11425388 states generated, 11188855 distinct states found.
Progress: 11528096 states generated, 11289908 distinct states found.
Progress: 11630385 states generated, 11390657 distinct states found.
Progress: 11733360 states generated, 11492015 distinct states found.
Progress: 11836301 states generated, 11593038 distinct states found.
Progress: 11939044 states generated, 11694049 distinct states found.
Progress: 12041482 states generated, 11794888 distinct states found.
Progress: 12144644 states generated, 11896432 distinct states found.
Progress: 12249265 states generated, 11998353 distinct states found.
Progress: 12353260 states generated, 12100101 distinct states found.
Checkpointing of run states/20-08-31-08-18-47
Checkpointing completed at (2020-08-31 10:18:54)
Progress: 12456225 states generated, 12200999 distinct states found.
Progress: 12559039 states generated, 12301961 distinct states found.
Progress: 12661603 states generated, 12402907 distinct states found.
Progress: 12764184 states generated, 12503787 distinct states found.
Progress: 12866734 states generated, 12604782 distinct states found.
Progress: 12969686 states generated, 12706118 distinct states found.
Progress: 13072358 states generated, 12807149 distinct states found.
Progress: 13175281 states generated, 12908394 distinct states found.
Progress: 13278231 states generated, 13009523 distinct states found.
Progress: 13380732 states generated, 13110399 distinct states found.
Progress: 13483682 states generated, 13211627 distinct states found.
Progress: 13586351 states generated, 13312531 distinct states found.
Progress: 13688845 states generated, 13413216 distinct states found.
Progress: 13790758 states generated, 13513377 distinct states found.
Progress: 13894247 states generated, 13615054 distinct states found.
Progress: 13997311 states generated, 13716260 distinct states found.
Progress: 14100631 states generated, 13817883 distinct states found.
Progress: 14203716 states generated, 13919233 distinct states found.
Progress: 14305758 states generated, 14019561 distinct states found.
Progress: 14409205 states generated, 14121273 distinct states found.
Progress: 14512746 states generated, 14223228 distinct states found.
Progress: 14616309 states generated, 14325030 distinct states found.
Progress: 14719638 states generated, 14426837 distinct states found.
Progress: 14822570 states generated, 14528099 distinct states found.
Progress: 14925631 states generated, 14629641 distinct states found.
Progress: 15028373 states generated, 14730818 distinct states found.
Progress: 15131555 states generated, 14832343 distinct states found.
Progress: 15234166 states generated, 14933549 distinct states found.
Progress: 15337065 states generated, 15034876 distinct states found.
Progress: 15439254 states generated, 15135695 distinct states found.
Checkpointing of run states/20-08-31-08-18-47
Checkpointing completed at (2020-08-31 10:48:55)
Progress: 15542336 states generated, 15237207 distinct states found.
Progress: 15644921 states generated, 15338415 distinct states found.
Progress: 15748394 states generated, 15440204 distinct states found.
Progress: 15851080 states generated, 15541486 distinct states found.
Progress: 15953882 states generated, 15642810 distinct states found.
Progress: 16056729 states generated, 15744200 distinct states found.
Progress: 16159610 states generated, 15845459 distinct states found.
Progress: 16261965 states generated, 15946416 distinct states found.
Progress: 16364794 states generated, 16047824 distinct states found.
Progress: 16467774 states generated, 16149106 distinct states found.
Progress: 16571518 states generated, 16251374 distinct states found.
Progress: 16675222 states generated, 16353266 distinct states found.
Progress: 16779087 states generated, 16455443 distinct states found.
Progress: 16882827 states generated, 16557613 distinct states found.
Progress: 16987134 states generated, 16660169 distinct states found.
Progress: 17090799 states generated, 16762208 distinct states found.
Progress: 17194495 states generated, 16864235 distinct states found.
Progress: 17297678 states generated, 16965701 distinct states found.
Progress: 17400145 states generated, 17066616 distinct states found.
Progress: 17502712 states generated, 17167627 distinct states found.
Progress: 17605894 states generated, 17269174 distinct states found.
Progress: 17709796 states generated, 17371230 distinct states found.
Progress: 17813854 states generated, 17473417 distinct states found.
Progress: 17918168 states generated, 17575927 distinct states found.
Progress: 18021980 states generated, 17677909 distinct states found.
Progress: 18125888 states generated, 17780152 distinct states found.
Progress: 18230205 states generated, 17882473 distinct states found.
Progress: 18334527 states generated, 17985135 distinct states found.
Progress: 18439072 states generated, 18088025 distinct states found.
Progress: 18543038 states generated, 18190489 distinct states found.
Checkpointing of run states/20-08-31-08-18-47
Checkpointing completed at (2020-08-31 11:18:55)
Progress: 18647489 states generated, 18293076 distinct states found.
Progress: 18750768 states generated, 18394842 distinct states found.
Progress: 18854739 states generated, 18497066 distinct states found.
Progress: 18958381 states generated, 18599206 distinct states found.
Progress: 19062442 states generated, 18701432 distinct states found.
Progress: 19166472 states generated, 18803443 distinct states found.
Progress: 19270447 states generated, 18905610 distinct states found.
Progress: 19374148 states generated, 19007744 distinct states found.
Progress: 19477938 states generated, 19109790 distinct states found.
Progress: 19582328 states generated, 19212438 distinct states found.
Progress: 19686615 states generated, 19314904 distinct states found.
Progress: 19790484 states generated, 19416941 distinct states found.
Progress: 19894069 states generated, 19518982 distinct states found.
Progress: 19997296 states generated, 19620609 distinct states found.
Progress: 20100625 states generated, 19722275 distinct states found.
Progress: 20203452 states generated, 19823503 distinct states found.
Progress: 20306733 states generated, 19925178 distinct states found.
Progress: 20410265 states generated, 20027011 distinct states found.
Progress: 20513996 states generated, 20128943 distinct states found.
Progress: 20617191 states generated, 20230416 distinct states found.
Progress: 20720222 states generated, 20331712 distinct states found.
Progress: 20823244 states generated, 20433036 distinct states found.
Progress: 20926957 states generated, 20534850 distinct states found.
Progress: 21029998 states generated, 20636228 distinct states found.
Progress: 21133325 states generated, 20737764 distinct states found.
Progress: 21236060 states generated, 20838877 distinct states found.
Progress: 21339620 states generated, 20940760 distinct states found.
Progress: 21442039 states generated, 21041453 distinct states found.
Progress: 21545497 states generated, 21143253 distinct states found.
Progress: 21648918 states generated, 21245015 distinct states found.
Checkpointing of run states/20-08-31-08-18-47
Checkpointing completed at (2020-08-31 11:48:56)
Progress: 21752743 states generated, 21347146 distinct states found.
Progress: 21856111 states generated, 21448896 distinct states found.
Progress: 21960191 states generated, 21551192 distinct states found.
Progress: 22064812 states generated, 21653957 distinct states found.
Progress: 22169252 states generated, 21756896 distinct states found.
Progress: 22273071 states generated, 21859202 distinct states found.
Progress: 22377158 states generated, 21961665 distinct states found.
Progress: 22480421 states generated, 22063295 distinct states found.
Progress: 22584850 states generated, 22166022 distinct states found.
Progress: 22689458 states generated, 22269068 distinct states found.
Progress: 22793823 states generated, 22371829 distinct states found.
Progress: 22897341 states generated, 22473774 distinct states found.
Progress: 23000238 states generated, 22575098 distinct states found.
Progress: 23103801 states generated, 22677049 distinct states found.
Progress: 23207620 states generated, 22779266 distinct states found.
Progress: 23310924 states generated, 22881088 distinct states found.
Progress: 23414987 states generated, 22983499 distinct states found.
Progress: 23518376 states generated, 23085376 distinct states found.
Progress: 23621368 states generated, 23186830 distinct states found.
Progress: 23724886 states generated, 23288780 distinct states found.
Progress: 23828082 states generated, 23390465 distinct states found.
Progress: 23931403 states generated, 23492425 distinct states found.
Progress: 24034277 states generated, 23593850 distinct states found.
Progress: 24137683 states generated, 23695849 distinct states found.
Progress: 24240988 states generated, 23797753 distinct states found.
Progress: 24344310 states generated, 23899519 distinct states found.
Progress: 24447502 states generated, 24001381 distinct states found.
Progress: 24550104 states generated, 24102521 distinct states found.
Progress: 24653248 states generated, 24204393 distinct states found.
Progress: 24756660 states generated, 24306175 distinct states found.
Checkpointing of run states/20-08-31-08-18-47
Checkpointing completed at (2020-08-31 12:18:58)
Progress: 24860412 states generated, 24408438 distinct states found.
Progress: 24964425 states generated, 24510880 distinct states found.
Progress: 25068771 states generated, 24613634 distinct states found.
Progress: 25172927 states generated, 24716240 distinct states found.
Progress: 25276972 states generated, 24818555 distinct states found.
Progress: 25380396 states generated, 24920401 distinct states found.
Progress: 25484263 states generated, 25022651 distinct states found.
Progress: 25587743 states generated, 25124424 distinct states found.
Progress: 25691679 states generated, 25226652 distinct states found.
Progress: 25796376 states generated, 25329574 distinct states found.
Progress: 25899558 states generated, 25431141 distinct states found.
Progress: 26003285 states generated, 25533283 distinct states found.
Progress: 26107214 states generated, 25635509 distinct states found.
Progress: 26210866 states generated, 25737518 distinct states found.
Progress: 26314206 states generated, 25839284 distinct states found.
Progress: 26419102 states generated, 25942444 distinct states found.
Progress: 26522432 states generated, 26043988 distinct states found.
Progress: 26622254 states generated, 26142301 distinct states found.
Progress: 26723448 states generated, 26242062 distinct states found.
Progress: 26827399 states generated, 26344411 distinct states found.
Progress: 26931299 states generated, 26446664 distinct states found.
Progress: 27034558 states generated, 26548565 distinct states found.
Progress: 27138109 states generated, 26650502 distinct states found.
Progress: 27241169 states generated, 26752009 distinct states found.
Progress: 27345036 states generated, 26854351 distinct states found.
Progress: 27448810 states generated, 26956424 distinct states found.
Progress: 27551810 states generated, 27057944 distinct states found.
Progress: 27654590 states generated, 27159093 distinct states found.
Progress: 27757535 states generated, 27260521 distinct states found.
Progress: 27860537 states generated, 27362001 distinct states found.
Checkpointing of run states/20-08-31-08-18-47
Checkpointing completed at (2020-08-31 12:48:59)
Progress: 27962827 states generated, 27462744 distinct states found.
Progress: 28066135 states generated, 27564609 distinct states found.
Progress: 28169187 states generated, 27666215 distinct states found.
Progress: 28272465 states generated, 27767938 distinct states found.
Progress: 28374894 states generated, 27868703 distinct states found.
Progress: 28477852 states generated, 27969984 distinct states found.
Progress: 28580501 states generated, 28071101 distinct states found.
Progress: 28683356 states generated, 28172431 distinct states found.
Progress: 28786573 states generated, 28273727 distinct states found.
Progress: 28889709 states generated, 28375381 distinct states found.
Progress: 28992559 states generated, 28476596 distinct states found.
Progress: 29096015 states generated, 28578288 distinct states found.
Progress: 29199443 states generated, 28680022 distinct states found.
Progress: 29302009 states generated, 28780937 distinct states found.
Progress: 29405362 states generated, 28882342 distinct states found.
Progress: 29508395 states generated, 28983784 distinct states found.
Progress: 29612000 states generated, 29085840 distinct states found.
Progress: 29714730 states generated, 29186965 distinct states found.
Progress: 29817211 states generated, 29288133 distinct states found.
Progress: 29919992 states generated, 29389332 distinct states found.
Progress: 30022895 states generated, 29490925 distinct states found.
Progress: 30125686 states generated, 29592191 distinct states found.
Progress: 30228613 states generated, 29693502 distinct states found.
Progress: 30330838 states generated, 29794332 distinct states found.
Progress: 30433776 states generated, 29895776 distinct states found.
Progress: 30536692 states generated, 29997107 distinct states found.
Progress: 30640388 states generated, 30099128 distinct states found.
Progress: 30743677 states generated, 30200827 distinct states found.
Progress: 30846624 states generated, 30302089 distinct states found.
Progress: 30948940 states generated, 30402819 distinct states found.
Checkpointing of run states/20-08-31-08-18-47
Checkpointing completed at (2020-08-31 13:19:01)
Progress: 31052355 states generated, 30504491 distinct states found.
Progress: 31155016 states generated, 30605589 distinct states found.
Progress: 31257772 states generated, 30706551 distinct states found.
Progress: 31361680 states generated, 30808659 distinct states found.
Progress: 31465286 states generated, 30910463 distinct states found.
Progress: 31568208 states generated, 31011858 distinct states found.
Progress: 31671242 states generated, 31113292 distinct states found.
Progress: 31773785 states generated, 31214281 distinct states found.
Progress: 31877151 states generated, 31315913 distinct states found.
Progress: 31979299 states generated, 31416725 distinct states found.
Progress: 32082313 states generated, 31517967 distinct states found.
Progress: 32185783 states generated, 31619801 distinct states found.
Progress: 32288601 states generated, 31721004 distinct states found.
Progress: 32392645 states generated, 31823166 distinct states found.
Progress: 32495045 states generated, 31923983 distinct states found.
Progress: 32598511 states generated, 32025945 distinct states found.
Progress: 32701879 states generated, 32127728 distinct states found.
Progress: 32804766 states generated, 32229067 distinct states found.
Progress: 32907972 states generated, 32330649 distinct states found.
Progress: 33011149 states generated, 32432181 distinct states found.
Progress: 33114136 states generated, 32533678 distinct states found.
Progress: 33217312 states generated, 32635188 distinct states found.
Progress: 33320619 states generated, 32737155 distinct states found.
Progress: 33424143 states generated, 32839193 distinct states found.
Progress: 33527977 states generated, 32941454 distinct states found.
Progress: 33631838 states generated, 33043854 distinct states found.
Progress: 33735248 states generated, 33145854 distinct states found.
Progress: 33838902 states generated, 33247891 distinct states found.
Progress: 33942500 states generated, 33349820 distinct states found.
Progress: 34045552 states generated, 33451331 distinct states found.
Checkpointing of run states/20-08-31-08-18-47
Checkpointing completed at (2020-08-31 13:49:02)
Progress: 34148840 states generated, 33553156 distinct states found.
Progress: 34251494 states generated, 33654255 distinct states found.
Progress: 34355337 states generated, 33756484 distinct states found.
Progress: 34458371 states generated, 33857990 distinct states found.
Progress: 34561546 states generated, 33959684 distinct states found.
Progress: 34665214 states generated, 34061796 distinct states found.
Progress: 34768426 states generated, 34163353 distinct states found.
Progress: 34871851 states generated, 34265241 distinct states found.
Progress: 34974722 states generated, 34366621 distinct states found.
Progress: 35078093 states generated, 34468351 distinct states found.
Progress: 35180996 states generated, 34569712 distinct states found.
Progress: 35283633 states generated, 34670705 distinct states found.
Progress: 35386569 states generated, 34772194 distinct states found.
Progress: 35489812 states generated, 34873754 distinct states found.
Progress: 35592960 states generated, 34975500 distinct states found.
Progress: 35695880 states generated, 35076927 distinct states found.
Progress: 35798295 states generated, 35177924 distinct states found.
Progress: 35901833 states generated, 35279714 distinct states found.
Progress: 36004251 states generated, 35380641 distinct states found.
Progress: 36107310 states generated, 35482131 distinct states found.
Progress: 36210862 states generated, 35584016 distinct states found.
Progress: 36313155 states generated, 35684735 distinct states found.
Progress: 36411508 states generated, 35781470 distinct states found.
Progress: 36514364 states generated, 35882859 distinct states found.
Progress: 36617088 states generated, 35984038 distinct states found.
Progress: 36720625 states generated, 36085922 distinct states found.
Progress: 36823031 states generated, 36186839 distinct states found.
Progress: 36926125 states generated, 36288499 distinct states found.
Progress: 37029415 states generated, 36390103 distinct states found.
Progress: 37131776 states generated, 36490994 distinct states found.
Checkpointing of run states/20-08-31-08-18-47
Checkpointing completed at (2020-08-31 14:19:04)
Progress: 37235125 states generated, 36592605 distinct states found.
Progress: 37338045 states generated, 36694021 distinct states found.
Progress: 37440250 states generated, 36794873 distinct states found.
Progress: 37543807 states generated, 36896654 distinct states found.
Progress: 37646675 states generated, 36997926 distinct states found.
Progress: 37749867 states generated, 37099480 distinct states found.
Progress: 37853039 states generated, 37201287 distinct states found.
Progress: 37956095 states generated, 37302766 distinct states found.
Progress: 38059269 states generated, 37404430 distinct states found.
Progress: 38161965 states generated, 37505481 distinct states found.
Progress: 38264908 states generated, 37606894 distinct states found.
Progress: 38367616 states generated, 37708072 distinct states found.
Progress: 38470057 states generated, 37809011 distinct states found.
Progress: 38572753 states generated, 37910314 distinct states found.
Progress: 38675037 states generated, 38011039 distinct states found.
Progress: 38778533 states generated, 38112821 distinct states found.
Progress: 38881675 states generated, 38214398 distinct states found.
Progress: 38984801 states generated, 38315978 distinct states found.
Progress: 39088935 states generated, 38418572 distinct states found.
Progress: 39192221 states generated, 38520327 distinct states found.
Progress: 39295954 states generated, 38622436 distinct states found.
Progress: 39399663 states generated, 38724699 distinct states found.
Progress: 39502970 states generated, 38826543 distinct states found.
Progress: 39606778 states generated, 38928792 distinct states found.
Progress: 39711152 states generated, 39031199 distinct states found.
Progress: 39814540 states generated, 39132878 distinct states found.
Progress: 39917774 states generated, 39234577 distinct states found.
Progress: 40020293 states generated, 39335571 distinct states found.
Progress: 40123440 states generated, 39437328 distinct states found.
Progress: 40226615 states generated, 39538950 distinct states found.
Checkpointing of run states/20-08-31-08-18-47
Checkpointing completed at (2020-08-31 14:49:06)
Progress: 40329441 states generated, 39640251 distinct states found.
Progress: 40432398 states generated, 39741741 distinct states found.
Progress: 40535756 states generated, 39843652 distinct states found.
Progress: 40638532 states generated, 39944695 distinct states found.
Progress: 40741208 states generated, 40046095 distinct states found.
Progress: 40844204 states generated, 40147545 distinct states found.
Progress: 40947864 states generated, 40249691 distinct states found.
Progress: 41050680 states generated, 40351175 distinct states found.
Progress: 41153254 states generated, 40452241 distinct states found.
Progress: 41256037 states generated, 40553659 distinct states found.
Progress: 41358580 states generated, 40654813 distinct states found.
Progress: 41461602 states generated, 40756524 distinct states found.
Progress: 41564728 states generated, 40858101 distinct states found.
Progress: 41668445 states generated, 40960321 distinct states found.
Progress: 41772672 states generated, 41062879 distinct states found.
Progress: 41877045 states generated, 41165612 distinct states found.
Progress: 41980455 states generated, 41267515 distinct states found.
Progress: 42084501 states generated, 41370024 distinct states found.
Progress: 42187990 states generated, 41471863 distinct states found.
Progress: 42292374 states generated, 41574617 distinct states found.
Progress: 42396938 states generated, 41677664 distinct states found.
Progress: 42500669 states generated, 41779582 distinct states found.
Progress: 42604187 states generated, 41881571 distinct states found.
Progress: 42704092 states generated, 41980132 distinct states found.
Progress: 42808564 states generated, 42082865 distinct states found.
Progress: 42912064 states generated, 42184903 distinct states found.
Progress: 43016208 states generated, 42287411 distinct states found.
Progress: 43121112 states generated, 42390720 distinct states found.
Progress: 43225517 states generated, 42493585 distinct states found.
Progress: 43329545 states generated, 42596016 distinct states found.
Checkpointing of run states/20-08-31-08-18-47
Checkpointing completed at (2020-08-31 15:19:08)
Progress: 43432781 states generated, 42697745 distinct states found.
Progress: 43536232 states generated, 42799645 distinct states found.
Progress: 43639273 states generated, 42901123 distinct states found.
Progress: 43742570 states generated, 43002811 distinct states found.
Progress: 43845978 states generated, 43104738 distinct states found.
Progress: 43949155 states generated, 43206494 distinct states found.
Progress: 44052163 states generated, 43307994 distinct states found.
Progress: 44154928 states generated, 43409377 distinct states found.
Progress: 44257632 states generated, 43510681 distinct states found.
Progress: 44360741 states generated, 43612271 distinct states found.
Progress: 44464202 states generated, 43714129 distinct states found.
Progress: 44568071 states generated, 43816435 distinct states found.
Progress: 44671541 states generated, 43918287 distinct states found.
Progress: 44774977 states generated, 44020093 distinct states found.
Progress: 44878232 states generated, 44121839 distinct states found.
Progress: 44981108 states generated, 44223224 distinct states found.
Progress: 45084485 states generated, 44325029 distinct states found.
Progress: 45187394 states generated, 44426571 distinct states found.
Progress: 45290659 states generated, 44528231 distinct states found.
Progress: 45392930 states generated, 44629006 distinct states found.
Progress: 45496192 states generated, 44730830 distinct states found.
Progress: 45600135 states generated, 44833037 distinct states found.
Progress: 45703548 states generated, 44934871 distinct states found.
Progress: 45807567 states generated, 45037359 distinct states found.
Progress: 45911233 states generated, 45139337 distinct states found.
Progress: 46014569 states generated, 45241152 distinct states found.
Progress: 46118323 states generated, 45343307 distinct states found.
Progress: 46221804 states generated, 45445314 distinct states found.
Progress: 46325244 states generated, 45547197 distinct states found.
Progress: 46429375 states generated, 45649638 distinct states found.
Checkpointing of run states/20-08-31-08-18-47
Checkpointing completed at (2020-08-31 15:49:10)
Progress: 46533579 states generated, 45752323 distinct states found.
Progress: 46638006 states generated, 45855257 distinct states found.
Progress: 46742366 states generated, 45958085 distinct states found.
Progress: 46846235 states generated, 46060494 distinct states found.
Progress: 46950679 states generated, 46163361 distinct states found.
Progress: 47054603 states generated, 46265886 distinct states found.
Progress: 47158031 states generated, 46367914 distinct states found.
Progress: 47262038 states generated, 46470367 distinct states found.
Progress: 47365752 states generated, 46572496 distinct states found.
Progress: 47469403 states generated, 46674634 distinct states found.
Progress: 47572441 states generated, 46776182 distinct states found.
Progress: 47675274 states generated, 46877654 distinct states found.
Progress: 47778551 states generated, 46979410 distinct states found.
Progress: 47882349 states generated, 47081650 distinct states found.
Progress: 47986118 states generated, 47184011 distinct states found.
Progress: 48089476 states generated, 47285908 distinct states found.
Progress: 48193379 states generated, 47388177 distinct states found.
Progress: 48297153 states generated, 47490402 distinct states found.
Progress: 48400990 states generated, 47592548 distinct states found.
Progress: 48504938 states generated, 47694927 distinct states found.
Progress: 48608346 states generated, 47796771 distinct states found.
Progress: 48711926 states generated, 47898801 distinct states found.
Progress: 48815411 states generated, 48000709 distinct states found.
Progress: 48918176 states generated, 48102045 distinct states found.
Progress: 49021266 states generated, 48203583 distinct states found.
Progress: 49123160 states generated, 48304014 distinct states found.
Progress: 49226534 states generated, 48405769 distinct states found.
Progress: 49330096 states generated, 48507620 distinct states found.
Progress: 49433454 states generated, 48609383 distinct states found.
Progress: 49536749 states generated, 48711095 distinct states found.
Checkpointing of run states/20-08-31-08-18-47
Checkpointing completed at (2020-08-31 16:19:13)
Progress: 49640402 states generated, 48813016 distinct states found.
Progress: 49743814 states generated, 48914885 distinct states found.
Progress: 49847859 states generated, 49017237 distinct states found.
Progress: 49951467 states generated, 49119077 distinct states found.
Progress: 50054723 states generated, 49220692 distinct states found.
Progress: 50157941 states generated, 49322209 distinct states found.
Progress: 50262277 states generated, 49424487 distinct states found.
Progress: 50366535 states generated, 49526230 distinct states found.
Progress: 50470097 states generated, 49627671 distinct states found.
Progress: 50574080 states generated, 49729300 distinct states found.
Progress: 50676946 states generated, 49830547 distinct states found.
Progress: 50780207 states generated, 49932091 distinct states found.
Progress: 50883002 states generated, 50033439 distinct states found.
Progress: 50985903 states generated, 50134686 distinct states found.
Progress: 51088541 states generated, 50235791 distinct states found.
Progress: 51191656 states generated, 50337268 distinct states found.
Progress: 51294540 states generated, 50438383 distinct states found.
Progress: 51396309 states generated, 50538700 distinct states found.
Progress: 51499410 states generated, 50640105 distinct states found.
Progress: 51603238 states generated, 50742387 distinct states found.
Progress: 51706968 states generated, 50844553 distinct states found.
Progress: 51810535 states generated, 50946619 distinct states found.
Progress: 51914540 states generated, 51049183 distinct states found.
Progress: 52017954 states generated, 51151172 distinct states found.
Progress: 52121659 states generated, 51253357 distinct states found.
Progress: 52225428 states generated, 51355697 distinct states found.
Progress: 52329551 states generated, 51457681 distinct states found.
Progress: 52433022 states generated, 51559165 distinct states found.
Progress: 52536661 states generated, 51661294 distinct states found.
Progress: 52639923 states generated, 51763008 distinct states found.
Checkpointing of run states/20-08-31-08-18-47
Checkpointing completed at (2020-08-31 16:49:15)
Progress: 52743066 states generated, 51864605 distinct states found.
Progress: 52847462 states generated, 51966401 distinct states found.
Progress: 52950426 states generated, 52067931 distinct states found.
Progress: 53053413 states generated, 52169390 distinct states found.
Progress: 53156409 states generated, 52271037 distinct states found.
Progress: 53259648 states generated, 52372557 distinct states found.
Progress: 53362477 states generated, 52473933 distinct states found.
Progress: 53465512 states generated, 52575457 distinct states found.
Progress: 53568534 states generated, 52676883 distinct states found.
Progress: 53671323 states generated, 52778150 distinct states found.
Progress: 53773225 states generated, 52878576 distinct states found.
Progress: 53876862 states generated, 52980464 distinct states found.
Progress: 53979806 states generated, 53082074 distinct states found.
Progress: 54082649 states generated, 53183430 distinct states found.
Progress: 54185775 states generated, 53284752 distinct states found.
Progress: 54291328 states generated, 53386745 distinct states found.
Progress: 54394735 states generated, 53488747 distinct states found.
Progress: 54498242 states generated, 53590745 distinct states found.
Progress: 54601394 states generated, 53692237 distinct states found.
Progress: 54704242 states generated, 53793631 distinct states found.
Progress: 54807707 states generated, 53895506 distinct states found.
Progress: 54910798 states generated, 53997079 distinct states found.
Progress: 55014170 states generated, 54098877 distinct states found.
Progress: 55117082 states generated, 54200235 distinct states found.
Progress: 55221020 states generated, 54302364 distinct states found.
Progress: 55324267 states generated, 54404192 distinct states found.
Progress: 55427779 states generated, 54506021 distinct states found.
Progress: 55530739 states generated, 54607485 distinct states found.
Progress: 55633834 states generated, 54709039 distinct states found.
Progress: 55736539 states generated, 54810300 distinct states found.
Checkpointing of run states/20-08-31-08-18-47
Checkpointing completed at (2020-08-31 17:19:18)
Progress: 55839489 states generated, 54911821 distinct states found.
Progress: 55942097 states generated, 55012952 distinct states found.
Progress: 56044847 states generated, 55114246 distinct states found.
Progress: 56147597 states generated, 55215427 distinct states found.
Progress: 56250869 states generated, 55317055 distinct states found.
Progress: 56353884 states generated, 55418310 distinct states found.
Progress: 56456606 states generated, 55519419 distinct states found.
Progress: 56558128 states generated, 55619470 distinct states found.
Progress: 56661516 states generated, 55721302 distinct states found.
Progress: 56764578 states generated, 55822844 distinct states found.
Progress: 56867512 states generated, 55924131 distinct states found.
Progress: 56970346 states generated, 56025626 distinct states found.
Progress: 57073255 states generated, 56126878 distinct states found.
Progress: 57176559 states generated, 56228554 distinct states found.
Progress: 57279634 states generated, 56330025 distinct states found.
Progress: 57382417 states generated, 56431147 distinct states found.
Progress: 57485672 states generated, 56532610 distinct states found.
Progress: 57589017 states generated, 56634375 distinct states found.
Progress: 57691868 states generated, 56735640 distinct states found.
Progress: 57795013 states generated, 56837135 distinct states found.
Progress: 57897643 states generated, 56938331 distinct states found.
Progress: 58001083 states generated, 57040115 distinct states found.
Progress: 58105053 states generated, 57142273 distinct states found.
Progress: 58208729 states generated, 57244117 distinct states found.
Progress: 58311718 states generated, 57345581 distinct states found.
Progress: 58414827 states generated, 57447326 distinct states found.
Progress: 58517865 states generated, 57548935 distinct states found.
Progress: 58620761 states generated, 57650214 distinct states found.
Progress: 58723469 states generated, 57751660 distinct states found.
Progress: 58826285 states generated, 57853111 distinct states found.
Checkpointing of run states/20-08-31-08-18-47
Checkpointing completed at (2020-08-31 17:49:21)
Progress: 58929435 states generated, 57954848 distinct states found.
Progress: 59032734 states generated, 58056601 distinct states found.
Progress: 59135282 states generated, 58157764 distinct states found.
Progress: 59237667 states generated, 58258830 distinct states found.
Progress: 59340712 states generated, 58360355 distinct states found.
Progress: 59442343 states generated, 58460510 distinct states found.
Progress: 59545268 states generated, 58561892 distinct states found.
Progress: 59648624 states generated, 58663686 distinct states found.
Progress: 59751980 states generated, 58765540 distinct states found.
Progress: 59855171 states generated, 58867223 distinct states found.
Progress: 59958974 states generated, 58969432 distinct states found.
Progress: 60063261 states generated, 59071926 distinct states found.
Progress: 60167301 states generated, 59173775 distinct states found.
Progress: 60270164 states generated, 59275084 distinct states found.
Progress: 60373137 states generated, 59376383 distinct states found.
Progress: 60476277 states generated, 59477888 distinct states found.
Progress: 60579219 states generated, 59579160 distinct states found.
Progress: 60682000 states generated, 59680507 distinct states found.
Progress: 60784597 states generated, 59781618 distinct states found.
Progress: 60887743 states generated, 59883049 distinct states found.
Progress: 60990618 states generated, 59984359 distinct states found.
Progress: 61093591 states generated, 60085695 distinct states found.
Progress: 61196628 states generated, 60187202 distinct states found.
Progress: 61299645 states generated, 60288601 distinct states found.
Progress: 61403281 states generated, 60390645 distinct states found.
Progress: 61506686 states generated, 60492339 distinct states found.
Progress: 61609533 states generated, 60593818 distinct states found.
Progress: 61712459 states generated, 60695070 distinct states found.
Progress: 61815116 states generated, 60796312 distinct states found.
Progress: 61918307 states generated, 60897853 distinct states found.
Checkpointing of run states/20-08-31-08-18-47
Checkpointing completed at (2020-08-31 18:19:24)
Progress: 62021801 states generated, 60999790 distinct states found.
Progress: 62126669 states generated, 61102620 distinct states found.
Progress: 62230847 states generated, 61205178 distinct states found.
Progress: 62335379 states generated, 61308110 distinct states found.
Progress: 62439150 states generated, 61409611 distinct states found.
Progress: 62544883 states generated, 61512799 distinct states found.
Progress: 62649854 states generated, 61615786 distinct states found.
Progress: 62754618 states generated, 61718850 distinct states found.
Progress: 62858591 states generated, 61820981 distinct states found.
Progress: 62962993 states generated, 61923066 distinct states found.
Progress: 63066999 states generated, 62024978 distinct states found.
Progress: 63170937 states generated, 62127232 distinct states found.
Progress: 63273974 states generated, 62228606 distinct states found.
Progress: 63376787 states generated, 62329846 distinct states found.
Progress: 63480599 states generated, 62431556 distinct states found.
Progress: 63584269 states generated, 62532762 distinct states found.
Progress: 63687153 states generated, 62634120 distinct states found.
Progress: 63790032 states generated, 62735659 distinct states found.
Progress: 63892959 states generated, 62836995 distinct states found.
Progress: 63996176 states generated, 62938148 distinct states found.
Progress: 64099230 states generated, 63039667 distinct states found.
Progress: 64202401 states generated, 63141360 distinct states found.
Progress: 64306007 states generated, 63243080 distinct states found.
Progress: 64409271 states generated, 63344440 distinct states found.
Progress: 64514237 states generated, 63446922 distinct states found.
Progress: 64619221 states generated, 63549598 distinct states found.
Progress: 64722529 states generated, 63651217 distinct states found.
Progress: 64826669 states generated, 63753650 distinct states found.
Progress: 64930668 states generated, 63855897 distinct states found.
Progress: 65034044 states generated, 63957763 distinct states found.
Checkpointing of run states/20-08-31-08-18-47
Checkpointing completed at (2020-08-31 18:49:27)
Progress: 65137742 states generated, 64059746 distinct states found.
Progress: 65240728 states generated, 64161310 distinct states found.
Progress: 65344238 states generated, 64263063 distinct states found.
Progress: 65447167 states generated, 64364517 distinct states found.
Progress: 65549161 states generated, 64464920 distinct states found.
Progress: 65652978 states generated, 64566969 distinct states found.
Progress: 65756444 states generated, 64668805 distinct states found.
Progress: 65859794 states generated, 64770298 distinct states found.
Progress: 65962622 states generated, 64871830 distinct states found.
Progress: 66066157 states generated, 64973354 distinct states found.
Progress: 66170703 states generated, 65075366 distinct states found.
Progress: 66274803 states generated, 65177890 distinct states found.
Progress: 66378104 states generated, 65279638 distinct states found.
Progress: 66481372 states generated, 65381483 distinct states found.
Progress: 66585247 states generated, 65483764 distinct states found.
Progress: 66689316 states generated, 65586091 distinct states found.
Progress: 66793363 states generated, 65688028 distinct states found.
Progress: 66896858 states generated, 65789912 distinct states found.
Progress: 67000604 states generated, 65891681 distinct states found.
Progress: 67103740 states generated, 65993056 distinct states found.
Progress: 67206837 states generated, 66094405 distinct states found.
Progress: 67310768 states generated, 66196038 distinct states found.
Progress: 67413740 states generated, 66297609 distinct states found.
Progress: 67517064 states generated, 66399477 distinct states found.
Progress: 67620574 states generated, 66501402 distinct states found.
Progress: 67723600 states generated, 66602976 distinct states found.
Progress: 67826881 states generated, 66704688 distinct states found.
Progress: 67930657 states generated, 66806848 distinct states found.
Progress: 68034315 states generated, 66908995 distinct states found.
Progress: 68138903 states generated, 67011913 distinct states found.
Checkpointing of run states/20-08-31-08-18-47
Checkpointing completed at (2020-08-31 19:19:31)
Progress: 68243397 states generated, 67114859 distinct states found.
Progress: 68347264 states generated, 67217073 distinct states found.
Progress: 68450604 states generated, 67318853 distinct states found.
Progress: 68554501 states generated, 67421218 distinct states found.
Progress: 68657645 states generated, 67522780 distinct states found.
Progress: 68759734 states generated, 67623214 distinct states found.
Progress: 68862770 states generated, 67724783 distinct states found.
Progress: 68966317 states generated, 67826636 distinct states found.
Progress: 69069958 states generated, 67928539 distinct states found.
Progress: 69172879 states generated, 68029883 distinct states found.
Progress: 69276217 states generated, 68131542 distinct states found.
Progress: 69379354 states generated, 68233027 distinct states found.
Progress: 69482956 states generated, 68335090 distinct states found.
Progress: 69586630 states generated, 68437013 distinct states found.
Progress: 69690160 states generated, 68538889 distinct states found.
Progress: 69793522 states generated, 68640644 distinct states found.
Progress: 69897287 states generated, 68742724 distinct states found.
Progress: 70000351 states generated, 68844224 distinct states found.
Progress: 70104110 states generated, 68946087 distinct states found.
Progress: 70208204 states generated, 69048297 distinct states found.
Progress: 70312451 states generated, 69150789 distinct states found.
Progress: 70416801 states generated, 69253477 distinct states found.
Progress: 70520936 states generated, 69355740 distinct states found.
Progress: 70624509 states generated, 69457656 distinct states found.
Progress: 70728037 states generated, 69559576 distinct states found.
Progress: 70831563 states generated, 69661322 distinct states found.
Progress: 70935315 states generated, 69763422 distinct states found.
Progress: 71038743 states generated, 69865189 distinct states found.
Progress: 71142306 states generated, 69967116 distinct states found.
Progress: 71246151 states generated, 70069327 distinct states found.
Checkpointing of run states/20-08-31-08-18-47
Checkpointing completed at (2020-08-31 19:49:34)
Progress: 71349834 states generated, 70171359 distinct states found.
Progress: 71453518 states generated, 70273321 distinct states found.
Progress: 71556716 states generated, 70375073 distinct states found.
Progress: 71660584 states generated, 70477243 distinct states found.
Progress: 71764343 states generated, 70579270 distinct states found.
Progress: 71868671 states generated, 70681846 distinct states found.
Progress: 71972175 states generated, 70783801 distinct states found.
Progress: 72075024 states generated, 70884971 distinct states found.
Progress: 72178877 states generated, 70987190 distinct states found.
Progress: 72282853 states generated, 71089567 distinct states found.
Progress: 72386835 states generated, 71191921 distinct states found.
Progress: 72491278 states generated, 71294641 distinct states found.
Progress: 72595474 states generated, 71396978 distinct states found.
Progress: 72698795 states generated, 71498585 distinct states found.
Progress: 72801950 states generated, 71600157 distinct states found.
Progress: 72905251 states generated, 71701663 distinct states found.
Progress: 73008879 states generated, 71803487 distinct states found.
Progress: 73112370 states generated, 71905455 distinct states found.
Progress: 73215630 states generated, 72007250 distinct states found.
Progress: 73319074 states generated, 72108968 distinct states found.
Progress: 73422964 states generated, 72211091 distinct states found.
Progress: 73525761 states generated, 72312361 distinct states found.
Progress: 73628943 states generated, 72414040 distinct states found.
Progress: 73732162 states generated, 72515693 distinct states found.
Progress: 73835515 states generated, 72617299 distinct states found.
Progress: 73938751 states generated, 72718962 distinct states found.
Progress: 74042324 states generated, 72820875 distinct states found.
Progress: 74146015 states generated, 72922957 distinct states found.
Progress: 74248920 states generated, 73024331 distinct states found.
Progress: 74351562 states generated, 73125576 distinct states found.
Checkpointing of run states/20-08-31-08-18-47
Checkpointing completed at (2020-08-31 20:19:38)
Progress: 74455306 states generated, 73227812 distinct states found.
Progress: 74559975 states generated, 73330863 distinct states found.
Progress: 74664608 states generated, 73433909 distinct states found.
Progress: 74768889 states generated, 73536515 distinct states found.
Progress: 74872663 states generated, 73638738 distinct states found.
Progress: 74977195 states generated, 73741596 distinct states found.
Progress: 75081321 states generated, 73844094 distinct states found.
Progress: 75184893 states generated, 73946134 distinct states found.
Progress: 75288069 states generated, 74047787 distinct states found.
Progress: 75389867 states generated, 74148121 distinct states found.
Progress: 75493145 states generated, 74249946 distinct states found.
Progress: 75596388 states generated, 74351622 distinct states found.
Progress: 75700040 states generated, 74453657 distinct states found.
Progress: 75803382 states generated, 74555423 distinct states found.
Progress: 75906507 states generated, 74657108 distinct states found.
Progress: 76009708 states generated, 74758683 distinct states found.
Progress: 76113503 states generated, 74860783 distinct states found.
Progress: 76217021 states generated, 74962654 distinct states found.
Progress: 76319983 states generated, 75063971 distinct states found.
Progress: 76423186 states generated, 75165399 distinct states found.
Progress: 76527018 states generated, 75267542 distinct states found.
Progress: 76630173 states generated, 75369189 distinct states found.
Progress: 76732875 states generated, 75470375 distinct states found.
Progress: 76835839 states generated, 75571820 distinct states found.
Progress: 76938721 states generated, 75673140 distinct states found.
Progress: 77041550 states generated, 75774521 distinct states found.
Progress: 77144419 states generated, 75875713 distinct states found.
Progress: 77248805 states generated, 75977253 distinct states found.
Progress: 77352008 states generated, 76078981 distinct states found.
Progress: 77455589 states generated, 76181032 distinct states found.
Checkpointing of run states/20-08-31-08-18-47
Checkpointing completed at (2020-08-31 20:49:42)
Progress: 77558991 states generated, 76282882 distinct states found.
Progress: 77664071 states generated, 76385498 distinct states found.
Progress: 77768567 states generated, 76488059 distinct states found.
Progress: 77873324 states generated, 76590798 distinct states found.
Progress: 77976995 states generated, 76692880 distinct states found.
Progress: 78080871 states generated, 76795111 distinct states found.
Progress: 78183953 states generated, 76896692 distinct states found.
Progress: 78287461 states generated, 76998691 distinct states found.
Progress: 78390451 states generated, 77100250 distinct states found.
Progress: 78493693 states generated, 77201887 distinct states found.
Progress: 78595671 states generated, 77302434 distinct states found.
Progress: 78699126 states generated, 77404366 distinct states found.
Progress: 78802719 states generated, 77506498 distinct states found.
Progress: 78905998 states generated, 77608200 distinct states found.
Progress: 79009342 states generated, 77710000 distinct states found.
Progress: 79112575 states generated, 77811794 distinct states found.
Progress: 79215905 states generated, 77913504 distinct states found.
Progress: 79319129 states generated, 78015173 distinct states found.
Progress: 79422792 states generated, 78117166 distinct states found.
Progress: 79526201 states generated, 78219134 distinct states found.
Progress: 79629471 states generated, 78321013 distinct states found.
Progress: 79732452 states generated, 78422370 distinct states found.
Progress: 79835678 states generated, 78524177 distinct states found.
Progress: 79938601 states generated, 78625673 distinct states found.
Progress: 80041875 states generated, 78727529 distinct states found.
Progress: 80145380 states generated, 78829399 distinct states found.
Progress: 80248349 states generated, 78930892 distinct states found.
Progress: 80351275 states generated, 79032126 distinct states found.
Progress: 80454667 states generated, 79133985 distinct states found.
Progress: 80557840 states generated, 79235540 distinct states found.
Checkpointing of run states/20-08-31-08-18-47
Checkpointing completed at (2020-08-31 21:19:46)
Progress: 80661057 states generated, 79337265 distinct states found.
Progress: 80764392 states generated, 79438972 distinct states found.
Progress: 80868229 states generated, 79541155 distinct states found.
Progress: 80971520 states generated, 79642922 distinct states found.
Progress: 81075088 states generated, 79744816 distinct states found.
Progress: 81178575 states generated, 79846815 distinct states found.
Progress: 81282359 states generated, 79948927 distinct states found.
Progress: 81385599 states generated, 80050632 distinct states found.
Progress: 81487660 states generated, 80151225 distinct states found.
Progress: 81591252 states generated, 80253279 distinct states found.
Progress: 81695047 states generated, 80355331 distinct states found.
Progress: 81798555 states generated, 80457341 distinct states found.
Progress: 81902042 states generated, 80559371 distinct states found.
Progress: 82005597 states generated, 80661169 distinct states found.
Progress: 82108785 states generated, 80762922 distinct states found.
Progress: 82212194 states generated, 80864966 distinct states found.
Progress: 82315523 states generated, 80966868 distinct states found.
Progress: 82418398 states generated, 81068339 distinct states found.
Progress: 82522076 states generated, 81170415 distinct states found.
Progress: 82625885 states generated, 81272439 distinct states found.
Progress: 82729201 states generated, 81374369 distinct states found.
Progress: 82832639 states generated, 81476318 distinct states found.
Progress: 82936169 states generated, 81578283 distinct states found.
Progress: 83039654 states generated, 81680238 distinct states found.
Progress: 83143390 states generated, 81782421 distinct states found.
Progress: 83247377 states generated, 81884610 distinct states found.
Progress: 83350713 states generated, 81986214 distinct states found.
Progress: 83453797 states generated, 82087852 distinct states found.
Progress: 83556698 states generated, 82189273 distinct states found.
Progress: 83660471 states generated, 82290920 distinct states found.
Checkpointing of run states/20-08-31-08-18-47
Checkpointing completed at (2020-08-31 21:49:50)
Progress: 83763705 states generated, 82392482 distinct states found.
Progress: 83867367 states generated, 82494030 distinct states found.
Progress: 83973279 states generated, 82595970 distinct states found.
Progress: 84077783 states generated, 82697140 distinct states found.
Progress: 84181695 states generated, 82799281 distinct states found.
Progress: 84285941 states generated, 82901832 distinct states found.
Progress: 84389865 states generated, 83004015 distinct states found.
Progress: 84493876 states generated, 83106398 distinct states found.
Progress: 84597561 states generated, 83208619 distinct states found.
Progress: 84700814 states generated, 83310435 distinct states found.
Progress: 84804837 states generated, 83412884 distinct states found.
Progress: 84909293 states generated, 83515708 distinct states found.
Progress: 85013215 states generated, 83617958 distinct states found.
Progress: 85117021 states generated, 83720126 distinct states found.
Progress: 85221903 states generated, 83823141 distinct states found.
Progress: 85319844 states generated, 83919539 distinct states found.
Progress: 85423217 states generated, 84021454 distinct states found.
Progress: 85526533 states generated, 84123217 distinct states found.
Progress: 85630360 states generated, 84225452 distinct states found.
Progress: 85734501 states generated, 84327947 distinct states found.
Progress: 85838980 states generated, 84430751 distinct states found.
Progress: 85942913 states generated, 84533046 distinct states found.
Progress: 86047906 states generated, 84636210 distinct states found.
Progress: 86152847 states generated, 84739300 distinct states found.
Progress: 86257498 states generated, 84842233 distinct states found.
Progress: 86362316 states generated, 84945087 distinct states found.
Progress: 86467707 states generated, 85048365 distinct states found.
Progress: 86572451 states generated, 85151304 distinct states found.
Progress: 86677424 states generated, 85254382 distinct states found.
Progress: 86782029 states generated, 85357236 distinct states found.
Checkpointing of run states/20-08-31-08-18-47
Checkpointing completed at (2020-08-31 22:19:54)
Progress: 86886182 states generated, 85459441 distinct states found.
Progress: 86989904 states generated, 85561326 distinct states found.
Progress: 87093498 states generated, 85662983 distinct states found.
Progress: 87196912 states generated, 85764577 distinct states found.
Progress: 87300168 states generated, 85866067 distinct states found.
Progress: 87403300 states generated, 85967438 distinct states found.
Progress: 87507035 states generated, 86069216 distinct states found.
Progress: 87610646 states generated, 86170940 distinct states found.
Progress: 87713652 states generated, 86272341 distinct states found.
Progress: 87815189 states generated, 86372169 distinct states found.
Progress: 87918691 states generated, 86473984 distinct states found.
Progress: 88022439 states generated, 86576038 distinct states found.
Progress: 88126703 states generated, 86678494 distinct states found.
Progress: 88230522 states generated, 86780387 distinct states found.
Progress: 88333712 states generated, 86881918 distinct states found.
Progress: 88437943 states generated, 86984265 distinct states found.
Progress: 88542411 states generated, 87086751 distinct states found.
Progress: 88646626 states generated, 87188918 distinct states found.
Progress: 88750573 states generated, 87291235 distinct states found.
Progress: 88854709 states generated, 87393834 distinct states found.
Progress: 88958527 states generated, 87496030 distinct states found.
Progress: 89062696 states generated, 87598419 distinct states found.
Progress: 89166409 states generated, 87700507 distinct states found.
Progress: 89269836 states generated, 87802170 distinct states found.
Progress: 89373187 states generated, 87903786 distinct states found.
Progress: 89477027 states generated, 88005862 distinct states found.
Progress: 89580692 states generated, 88107544 distinct states found.
Progress: 89683899 states generated, 88209184 distinct states found.
Progress: 89787237 states generated, 88311012 distinct states found.
Progress: 89890769 states generated, 88412932 distinct states found.
Checkpointing of run states/20-08-31-08-18-47
Checkpointing completed at (2020-08-31 22:49:58)
Progress: 89993956 states generated, 88514646 distinct states found.
Progress: 90088400 states generated, 88607640 distinct states found.
Progress: 90192196 states generated, 88709823 distinct states found.
Progress: 90295426 states generated, 88811460 distinct states found.
Progress: 90398463 states generated, 88912969 distinct states found.
Progress: 90501775 states generated, 89014772 distinct states found.
Progress: 90605883 states generated, 89116981 distinct states found.
Progress: 90709905 states generated, 89219372 distinct states found.
Progress: 90814333 states generated, 89321971 distinct states found.
Progress: 90918169 states generated, 89424161 distinct states found.
Progress: 91022352 states generated, 89526547 distinct states found.
Progress: 91126377 states generated, 89628820 distinct states found.
Progress: 91230167 states generated, 89731075 distinct states found.
Progress: 91333749 states generated, 89833147 distinct states found.
Progress: 91437970 states generated, 89935594 distinct states found.
Progress: 91542383 states generated, 90038273 distinct states found.
Progress: 91646853 states generated, 90140919 distinct states found.
Progress: 91750942 states generated, 90243486 distinct states found.
Progress: 91855136 states generated, 90346029 distinct states found.
Progress: 91959500 states generated, 90448716 distinct states found.
Progress: 92063175 states generated, 90550829 distinct states found.
Progress: 92167286 states generated, 90653172 distinct states found.
Progress: 92270041 states generated, 90754504 distinct states found.
Progress: 92373420 states generated, 90856282 distinct states found.
Progress: 92476486 states generated, 90957794 distinct states found.
Progress: 92580192 states generated, 91059782 distinct states found.
Progress: 92683247 states generated, 91161204 distinct states found.
Progress: 92786521 states generated, 91262946 distinct states found.
Progress: 92889790 states generated, 91364745 distinct states found.
Progress: 92993365 states generated, 91466491 distinct states found.
Checkpointing of run states/20-08-31-08-18-47
Checkpointing completed at (2020-08-31 23:20:03)
Progress: 93096625 states generated, 91568110 distinct states found.
Progress: 93199775 states generated, 91669707 distinct states found.
Progress: 93302079 states generated, 91770474 distinct states found.
Progress: 93405694 states generated, 91872631 distinct states found.
Progress: 93509197 states generated, 91974156 distinct states found.
Progress: 93612358 states generated, 92075935 distinct states found.
Progress: 93715981 states generated, 92177727 distinct states found.
Progress: 93819558 states generated, 92279559 distinct states found.
Progress: 93922904 states generated, 92381365 distinct states found.
Progress: 94025851 states generated, 92482847 distinct states found.
Progress: 94129608 states generated, 92584700 distinct states found.
Progress: 94233139 states generated, 92686445 distinct states found.
Progress: 94336989 states generated, 92788604 distinct states found.
Progress: 94440872 states generated, 92890167 distinct states found.
Progress: 94544730 states generated, 92991897 distinct states found.
Progress: 94648593 states generated, 93093551 distinct states found.
Progress: 94752281 states generated, 93195682 distinct states found.
Progress: 94855288 states generated, 93297190 distinct states found.
Progress: 94958754 states generated, 93398872 distinct states found.
Progress: 95061847 states generated, 93500275 distinct states found.
Progress: 95165097 states generated, 93601832 distinct states found.
Progress: 95268146 states generated, 93703184 distinct states found.
Progress: 95371250 states generated, 93804497 distinct states found.
Progress: 95473785 states generated, 93905425 distinct states found.
Progress: 95577100 states generated, 94006881 distinct states found.
Progress: 95680417 states generated, 94108220 distinct states found.
Progress: 95783161 states generated, 94209414 distinct states found.
Progress: 95886708 states generated, 94310694 distinct states found.
Progress: 95989903 states generated, 94412124 distinct states found.
Progress: 96092559 states generated, 94513442 distinct states found.
Checkpointing of run states/20-08-31-08-18-47
Checkpointing completed at (2020-08-31 23:50:08)
Progress: 96195095 states generated, 94614511 distinct states found.
Progress: 96297773 states generated, 94715708 distinct states found.
Progress: 96400571 states generated, 94816950 distinct states found.
Progress: 96503165 states generated, 94918070 distinct states found.
Progress: 96606437 states generated, 95019425 distinct states found.
Progress: 96710287 states generated, 95120726 distinct states found.
Progress: 96814268 states generated, 95222267 distinct states found.
Progress: 96918184 states generated, 95324315 distinct states found.
Progress: 97022192 states generated, 95426423 distinct states found.
Progress: 97125271 states generated, 95527707 distinct states found.
Progress: 97228918 states generated, 95629878 distinct states found.
Progress: 97331979 states generated, 95731209 distinct states found.
Progress: 97435074 states generated, 95832526 distinct states found.
Progress: 97538128 states generated, 95934031 distinct states found.
Progress: 97641049 states generated, 96035283 distinct states found.
Progress: 97744464 states generated, 96136925 distinct states found.
Progress: 97849050 states generated, 96238525 distinct states found.
Progress: 97953303 states generated, 96340505 distinct states found.
Progress: 98057401 states generated, 96442209 distinct states found.
Progress: 98160801 states generated, 96544055 distinct states found.
Progress: 98264817 states generated, 96645861 distinct states found.
Progress: 98368324 states generated, 96747751 distinct states found.
Progress: 98471594 states generated, 96849479 distinct states found.
Progress: 98575309 states generated, 96951341 distinct states found.
Progress: 98680353 states generated, 97053231 distinct states found.
Progress: 98781643 states generated, 97152011 distinct states found.
Progress: 98884533 states generated, 97253289 distinct states found.
Progress: 98988167 states generated, 97354593 distinct states found.
Progress: 99091358 states generated, 97456336 distinct states found.
Progress: 99193959 states generated, 97557427 distinct states found.
Checkpointing of run states/20-08-31-08-18-47
Checkpointing completed at (2020-09-01 00:20:13)
Progress: 99296380 states generated, 97658513 distinct states found.
Progress: 99399320 states generated, 97759611 distinct states found.
Progress: 99501837 states generated, 97860449 distinct states found.
Progress: 99605925 states generated, 97961464 distinct states found.
Progress: 99709669 states generated, 98062826 distinct states found.
Progress: 99812638 states generated, 98163908 distinct states found.
Progress: 99915388 states generated, 98265176 distinct states found.
Progress: 100019175 states generated, 98366511 distinct states found.
Progress: 100126498 states generated, 98468213 distinct states found.
Progress: 100230224 states generated, 98569463 distinct states found.
Progress: 100337238 states generated, 98671231 distinct states found.
Progress: 100440264 states generated, 98772761 distinct states found.
Progress: 100543507 states generated, 98874566 distinct states found.
Progress: 100647044 states generated, 98976531 distinct states found.
Progress: 100750133 states generated, 99078312 distinct states found.
Progress: 100853517 states generated, 99180321 distinct states found.
Progress: 100956424 states generated, 99281755 distinct states found.
Progress: 101059747 states generated, 99383551 distinct states found.
Progress: 101162874 states generated, 99485183 distinct states found.
Progress: 101265802 states generated, 99586519 distinct states found.
Progress: 101368380 states generated, 99687631 distinct states found.
Progress: 101470419 states generated, 99788355 distinct states found.
Progress: 101572974 states generated, 99889597 distinct states found.
Progress: 101675660 states generated, 99990837 distinct states found.
Progress: 101778145 states generated, 100091914 distinct states found.
Progress: 101880537 states generated, 100192886 distinct states found.
Progress: 101983219 states generated, 100294351 distinct states found.
Progress: 102085945 states generated, 100395638 distinct states found.
Progress: 102188495 states generated, 100496849 distinct states found.
Progress: 102292077 states generated, 100598319 distinct states found.
Checkpointing of run states/20-08-31-08-18-47
Checkpointing completed at (2020-09-01 00:50:19)
Progress: 102394692 states generated, 100699439 distinct states found.
Progress: 102496086 states generated, 100799327 distinct states found.
Progress: 102598981 states generated, 100900571 distinct states found.
Progress: 102701790 states generated, 101001939 distinct states found.
Progress: 102804585 states generated, 101103255 distinct states found.
Progress: 102907227 states generated, 101204287 distinct states found.
Progress: 103009577 states generated, 101305264 distinct states found.
Progress: 103112081 states generated, 101406103 distinct states found.
Progress: 103214597 states generated, 101506959 distinct states found.
Progress: 103318050 states generated, 101608308 distinct states found.
Progress: 103420865 states generated, 101709519 distinct states found.
Progress: 103523329 states generated, 101810470 distinct states found.
Progress: 103627016 states generated, 101911700 distinct states found.
Progress: 103730697 states generated, 102013565 distinct states found.
Progress: 103834743 states generated, 102115676 distinct states found.
Progress: 103938076 states generated, 102217530 distinct states found.
Progress: 104039313 states generated, 102316692 distinct states found.
Progress: 104144641 states generated, 102419297 distinct states found.
Progress: 104249892 states generated, 102522214 distinct states found.
Progress: 104354240 states generated, 102624559 distinct states found.
Progress: 104456972 states generated, 102725920 distinct states found.
Progress: 104559973 states generated, 102827392 distinct states found.
Progress: 104662881 states generated, 102928843 distinct states found.
Progress: 104765579 states generated, 103030100 distinct states found.
Progress: 104868230 states generated, 103131366 distinct states found.
Progress: 104971333 states generated, 103232952 distinct states found.
Progress: 105074244 states generated, 103334328 distinct states found.
Progress: 105177453 states generated, 103435824 distinct states found.
Progress: 105280148 states generated, 103536954 distinct states found.
Progress: 105382809 states generated, 103638291 distinct states found.
Checkpointing of run states/20-08-31-08-18-47
Checkpointing completed at (2020-09-01 01:20:25)
Progress: 105485657 states generated, 103739629 distinct states found.
Progress: 105589356 states generated, 103840900 distinct states found.
Progress: 105691974 states generated, 103941703 distinct states found.
Progress: 105794231 states generated, 104042571 distinct states found.
Progress: 105896412 states generated, 104143348 distinct states found.
Progress: 105998975 states generated, 104244256 distinct states found.
Progress: 106101655 states generated, 104345374 distinct states found.
Progress: 106205171 states generated, 104446040 distinct states found.
Progress: 106309706 states generated, 104546928 distinct states found.
Progress: 106413148 states generated, 104648635 distinct states found.
Progress: 106516496 states generated, 104750262 distinct states found.
Progress: 106618789 states generated, 104851082 distinct states found.
Progress: 106722053 states generated, 104952248 distinct states found.
Progress: 106824869 states generated, 105053232 distinct states found.
Progress: 106931760 states generated, 105154384 distinct states found.
Progress: 107034416 states generated, 105255469 distinct states found.
Progress: 107136675 states generated, 105356221 distinct states found.
Progress: 107238814 states generated, 105456885 distinct states found.
Progress: 107341706 states generated, 105558260 distinct states found.
Progress: 107443873 states generated, 105658861 distinct states found.
Progress: 107546332 states generated, 105759772 distinct states found.
Progress: 107649321 states generated, 105861204 distinct states found.
Progress: 107751787 states generated, 105962054 distinct states found.
Progress: 107854565 states generated, 106063307 distinct states found.
Progress: 107957083 states generated, 106164270 distinct states found.
Progress: 108059771 states generated, 106265538 distinct states found.
Progress: 108162491 states generated, 106366768 distinct states found.
Progress: 108264896 states generated, 106467637 distinct states found.
Progress: 108367428 states generated, 106568652 distinct states found.
Progress: 108469756 states generated, 106669534 distinct states found.
Checkpointing of run states/20-08-31-08-18-47
Checkpointing completed at (2020-09-01 01:50:31)
Progress: 108572082 states generated, 106770346 distinct states found.
Progress: 108674225 states generated, 106871029 distinct states found.
Progress: 108776034 states generated, 106971547 distinct states found.
Progress: 108878671 states generated, 107072516 distinct states found.
Progress: 108981411 states generated, 107173517 distinct states found.
Progress: 109083750 states generated, 107274132 distinct states found.
Progress: 109183044 states generated, 107371907 distinct states found.
Progress: 109285444 states generated, 107472803 distinct states found.
Progress: 109389019 states generated, 107573996 distinct states found.
Progress: 109491764 states generated, 107675081 distinct states found.
Progress: 109594290 states generated, 107776068 distinct states found.
Progress: 109697054 states generated, 107877387 distinct states found.
Progress: 109799905 states generated, 107978354 distinct states found.
Progress: 109902446 states generated, 108079440 distinct states found.
Progress: 110005087 states generated, 108180624 distinct states found.
Progress: 110107945 states generated, 108282041 distinct states found.
Progress: 110210604 states generated, 108383228 distinct states found.
Progress: 110313741 states generated, 108484772 distinct states found.
Progress: 110417311 states generated, 108586712 distinct states found.
Progress: 110520286 states generated, 108688131 distinct states found.
Progress: 110623470 states generated, 108789362 distinct states found.
Progress: 110725668 states generated, 108890111 distinct states found.
Progress: 110828312 states generated, 108991266 distinct states found.
Progress: 110931965 states generated, 109092240 distinct states found.
Progress: 111034826 states generated, 109193706 distinct states found.
Progress: 111137664 states generated, 109295073 distinct states found.
Progress: 111240282 states generated, 109396156 distinct states found.
Progress: 111343309 states generated, 109497621 distinct states found.
Progress: 111446062 states generated, 109599053 distinct states found.
Progress: 111548813 states generated, 109700240 distinct states found.
Checkpointing of run states/20-08-31-08-18-47
Checkpointing completed at (2020-09-01 02:20:37)
Progress: 111651532 states generated, 109801517 distinct states found.
Progress: 111754647 states generated, 109902912 distinct states found.
Progress: 111857231 states generated, 110003889 distinct states found.
Progress: 111960324 states generated, 110104992 distinct states found.
Progress: 112062441 states generated, 110205783 distinct states found.
Progress: 112165338 states generated, 110307016 distinct states found.
Progress: 112268686 states generated, 110408324 distinct states found.
Progress: 112371547 states generated, 110509276 distinct states found.
Progress: 112473683 states generated, 110610008 distinct states found.
Progress: 112576293 states generated, 110711145 distinct states found.
Progress: 112679302 states generated, 110812663 distinct states found.
Progress: 112782291 states generated, 110914075 distinct states found.
Progress: 112885030 states generated, 111015343 distinct states found.
Progress: 112987425 states generated, 111116259 distinct states found.
Progress: 113090071 states generated, 111217405 distinct states found.
Progress: 113192214 states generated, 111318204 distinct states found.
Progress: 113294561 states generated, 111419066 distinct states found.
Progress: 113397442 states generated, 111520391 distinct states found.
Progress: 113499516 states generated, 111621079 distinct states found.
Progress: 113602487 states generated, 111722601 distinct states found.
Progress: 113705481 states generated, 111823872 distinct states found.
Progress: 113808191 states generated, 111925110 distinct states found.
Progress: 113911519 states generated, 112026951 distinct states found.
Progress: 114014824 states generated, 112128753 distinct states found.
Progress: 114118543 states generated, 112230881 distinct states found.
Progress: 114218445 states generated, 112329345 distinct states found.
Progress: 114321555 states generated, 112431036 distinct states found.
Progress: 114424947 states generated, 112532885 distinct states found.
Progress: 114528321 states generated, 112634741 distinct states found.
Progress: 114631981 states generated, 112736716 distinct states found.
Checkpointing of run states/20-08-31-08-18-47
Checkpointing completed at (2020-09-01 02:50:44)
Progress: 114734832 states generated, 112838046 distinct states found.
Progress: 114837087 states generated, 112938919 distinct states found.
Progress: 114939791 states generated, 113040065 distinct states found.
Progress: 115042346 states generated, 113141284 distinct states found.
Progress: 115144920 states generated, 113242295 distinct states found.
Progress: 115247573 states generated, 113343311 distinct states found.
Progress: 115350578 states generated, 113444765 distinct states found.
Progress: 115452822 states generated, 113545599 distinct states found.
Progress: 115555906 states generated, 113646941 distinct states found.
Progress: 115658863 states generated, 113748349 distinct states found.
Progress: 115761993 states generated, 113849876 distinct states found.
Progress: 115864902 states generated, 113951209 distinct states found.
Progress: 115968328 states generated, 114053021 distinct states found.
Progress: 116071513 states generated, 114154678 distinct states found.
Progress: 116175374 states generated, 114256795 distinct states found.
Progress: 116279404 states generated, 114359165 distinct states found.
Progress: 116383195 states generated, 114461428 distinct states found.
Progress: 116486938 states generated, 114563535 distinct states found.
Progress: 116591272 states generated, 114666122 distinct states found.
Progress: 116695402 states generated, 114768695 distinct states found.
Progress: 116798959 states generated, 114870637 distinct states found.
Progress: 116903908 states generated, 114973351 distinct states found.
Progress: 117008124 states generated, 115075275 distinct states found.
Progress: 117112309 states generated, 115177957 distinct states found.
Progress: 117215988 states generated, 115279932 distinct states found.
Progress: 117319166 states generated, 115381508 distinct states found.
Progress: 117421812 states generated, 115482839 distinct states found.
Progress: 117524946 states generated, 115584313 distinct states found.
Progress: 117627843 states generated, 115685755 distinct states found.
Progress: 117731295 states generated, 115787577 distinct states found.
Checkpointing of run states/20-08-31-08-18-47
Checkpointing completed at (2020-09-01 03:20:50)
Progress: 117834129 states generated, 115888851 distinct states found.
Progress: 117936496 states generated, 115989697 distinct states found.
Progress: 118039135 states generated, 116090863 distinct states found.
Progress: 118141611 states generated, 116191652 distinct states found.
Progress: 118243950 states generated, 116292327 distinct states found.
Progress: 118346808 states generated, 116393098 distinct states found.
Progress: 118450417 states generated, 116494425 distinct states found.
Progress: 118554642 states generated, 116595256 distinct states found.
Progress: 118658966 states generated, 116696437 distinct states found.
Progress: 118761754 states generated, 116797793 distinct states found.
Progress: 118864685 states generated, 116899114 distinct states found.
Progress: 118967298 states generated, 117000268 distinct states found.
Progress: 119070378 states generated, 117101746 distinct states found.
Progress: 119170452 states generated, 117200247 distinct states found.
Progress: 119273273 states generated, 117301670 distinct states found.
Progress: 119376389 states generated, 117403168 distinct states found.
Progress: 119479624 states generated, 117504831 distinct states found.
Progress: 119583120 states generated, 117606085 distinct states found.
Progress: 119687142 states generated, 117707472 distinct states found.
Progress: 119790107 states generated, 117808931 distinct states found.
Progress: 119895779 states generated, 117910893 distinct states found.
Progress: 120001538 states generated, 118014297 distinct states found.
Progress: 120108206 states generated, 118116434 distinct states found.
Progress: 120210637 states generated, 118217209 distinct states found.
Progress: 120313313 states generated, 118318327 distinct states found.
Progress: 120415876 states generated, 118419268 distinct states found.
Progress: 120518601 states generated, 118520473 distinct states found.
Progress: 120620841 states generated, 118621085 distinct states found.
Progress: 120723487 states generated, 118722106 distinct states found.
Progress: 120825622 states generated, 118822865 distinct states found.
Checkpointing of run states/20-08-31-08-18-47
Checkpointing completed at (2020-09-01 03:50:57)
Progress: 120928275 states generated, 118923897 distinct states found.
Progress: 121031780 states generated, 119025218 distinct states found.
Progress: 121134593 states generated, 119126291 distinct states found.
Progress: 121237633 states generated, 119227496 distinct states found.
Progress: 121340236 states generated, 119328693 distinct states found.
Progress: 121443886 states generated, 119430528 distinct states found.
Progress: 121547894 states generated, 119532411 distinct states found.
Progress: 121651112 states generated, 119634101 distinct states found.
Progress: 121753932 states generated, 119735633 distinct states found.
Progress: 121857367 states generated, 119837508 distinct states found.
Progress: 121961434 states generated, 119939225 distinct states found.
Progress: 122064693 states generated, 120040952 distinct states found.
Progress: 122167828 states generated, 120142473 distinct states found.
Progress: 122271065 states generated, 120244142 distinct states found.
Progress: 122374232 states generated, 120345808 distinct states found.
Progress: 122477759 states generated, 120447602 distinct states found.
Progress: 122580275 states generated, 120548716 distinct states found.
Progress: 122683524 states generated, 120649919 distinct states found.
Progress: 122787286 states generated, 120751152 distinct states found.
Progress: 122889815 states generated, 120852060 distinct states found.
Progress: 122992425 states generated, 120952989 distinct states found.
Progress: 123094632 states generated, 121053651 distinct states found.
Progress: 123196608 states generated, 121154119 distinct states found.
Progress: 123298688 states generated, 121254869 distinct states found.
Progress: 123400806 states generated, 121355389 distinct states found.
Progress: 123504402 states generated, 121456937 distinct states found.
Progress: 123608012 states generated, 121558820 distinct states found.
Progress: 123711688 states generated, 121660275 distinct states found.
Progress: 123815129 states generated, 121761504 distinct states found.
Progress: 123917703 states generated, 121862428 distinct states found.
Checkpointing of run states/20-08-31-08-18-47
Checkpointing completed at (2020-09-01 04:21:04)
Progress: 124016914 states generated, 121960053 distinct states found.
Progress: 124120342 states generated, 122061164 distinct states found.
Progress: 124223626 states generated, 122162626 distinct states found.
Progress: 124327263 states generated, 122263796 distinct states found.
Progress: 124431149 states generated, 122365529 distinct states found.
Progress: 124535145 states generated, 122466698 distinct states found.
Progress: 124638193 states generated, 122568198 distinct states found.
Progress: 124740928 states generated, 122669355 distinct states found.
Progress: 124843713 states generated, 122770399 distinct states found.
Progress: 124947039 states generated, 122871509 distinct states found.
Progress: 125049150 states generated, 122972219 distinct states found.
Progress: 125153213 states generated, 123073207 distinct states found.
Progress: 125260177 states generated, 123173974 distinct states found.
Progress: 125367135 states generated, 123275162 distinct states found.
Progress: 125470678 states generated, 123376880 distinct states found.
Progress: 125575101 states generated, 123478201 distinct states found.
Progress: 125680649 states generated, 123579844 distinct states found.
Progress: 125784272 states generated, 123681324 distinct states found.
Progress: 125888511 states generated, 123783205 distinct states found.
Progress: 125993900 states generated, 123885007 distinct states found.
Progress: 126098682 states generated, 123986725 distinct states found.
Progress: 126204191 states generated, 124088120 distinct states found.
Progress: 126311557 states generated, 124189935 distinct states found.
Progress: 126419986 states generated, 124291168 distinct states found.
126431458 states generated, 124299849 distinct states found.
Finished in 20h 25min at (2020-09-01 04:44:09)
